=================================
Mix
=================================
    transactions:                        879    (7.32 per sec.)
    queries:                             25533  (212.70 per sec.)

UDF:同态加
硬件平均运行时间=159.000000us, 累计平均时间=85.312000us 
软件平均运行时间=15.644506us, 累计平均时间=12.793128us 
硬件总计运行时间=0.000s
软件总计运行时间=0.102s
总计执行次数：SOFT=6498，HARD=3

UDF:ORE
硬件平均运行时间=8.053482us, 累计平均时间=7.798284us 
软件平均运行时间=14.214349us, 累计平均时间=38.869219us 
硬件总计运行时间=22.480s
软件总计运行时间=0.291s
总计执行次数：SOFT=20448，HARD=2791283

HE LRU 命中率: 63.39%


=================================
纯软件
=================================
    transactions:                        877    (7.31 per sec.)
    queries:                             25826  (215.13 per sec.)
                                                                                                                                             
UDF:同态加
硬件平均运行时间=0.000000us, 累计平均时间=19.000000us 
软件平均运行时间=22.351567us, 累计平均时间=87.409032us 
硬件总计运行时间=0.000s
软件总计运行时间=0.126s
总计执行次数：SOFT=5649，HARD=0

UDF:ORE
硬件平均运行时间=0.000000us, 累计平均时间=8.000000us 
软件平均运行时间=13.427186us, 累计平均时间=13.347503us 
硬件总计运行时间=0.000s
软件总计运行时间=33.530s
总计执行次数：SOFT=2497193，HARD=0
=================================
纯硬件：
=================================
    transactions:                        943    (7.85 per sec.)
    queries:                             26769  (222.97 per sec.)


UDF:同态加
硬件平均运行时间=18.555574us, 累计平均时间=16.642756us 
软件平均运行时间=0.000000us, 累计平均时间=46.000000us 
硬件总计运行时间=0.112s
软件总计运行时间=0.000s
总计执行次数：SOFT=0，HARD=6028

UDF:ORE
硬件平均运行时间=8.126270us, 累计平均时间=7.847777us 
软件平均运行时间=0.000000us, 累计平均时间=12.000000us 
硬件总计运行时间=24.285s
软件总计运行时间=0.000s
总计执行次数：SOFT=0，HARD=2988428

HE LRU 命中率: 86.61%


